2021-08-09 09:38:52|380.753µs|200|GET|/images/slide/city-large.webp|::1|file=images/slide/city-large.webp|0 B|96.7 KB||
2021-08-09 09:38:52|504.427µs|200|GET|/images/slide/renovation.webp|::1|file=images/slide/renovation.webp|0 B|103.8 KB||
2021-08-09 09:38:52|119.681µs|304|GET|/js/index.js|::1|file=js/index.js|0 B|0 B||
2021-08-09 09:38:59|1.416985ms|200|GET|/contact-us|::1|0 B|5.9 KB||
2021-08-09 09:39:03|1.649334ms|200|GET|/about-us|::1|0 B|5.2 KB||
2021-08-09 09:39:04|259.194µs|200|GET|/js/comming-son.js|::1|file=js/comming-son.js|0 B|1.0 KB||
2021-08-09 09:39:56|2.636059ms|200|GET|/|::1|0 B|26.6 KB||
2021-08-09 09:39:56|268.466µs|200|GET|/css/style.css|::1|file=css/style.css|0 B|4.1 KB||
2021-08-09 09:39:56|195.299µs|200|GET|/css/footer.css|::1|file=css/footer.css|0 B|2.6 KB||
2021-08-09 09:39:56|244.814µs|200|GET|/css/contact.css|::1|file=css/contact.css|0 B|1.1 KB||
2021-08-09 09:39:56|381.282µs|200|GET|/images/slide/city-small.webp|::1|file=images/slide/city-small.webp|0 B|12.3 KB||
2021-08-09 09:39:56|380.719µs|200|GET|/images/slide/renovation-small.webp|::1|file=images/slide/renovation-small.webp|0 B|19.8 KB||
2021-08-09 09:39:57|246.505µs|200|GET|/icons/man-person.svg|::1|file=icons/man-person.svg|0 B|2.6 KB||
2021-08-09 09:39:57|119.823µs|200|GET|/icons/tel.svg|::1|file=icons/tel.svg|0 B|1.6 KB||
2021-08-09 09:39:57|2.906697ms|200|GET|/icons/briefcase.svg|::1|file=icons/briefcase.svg|0 B|1.7 KB||
2021-08-09 09:39:57|167.542µs|200|GET|/icons/house.svg|::1|file=icons/house.svg|0 B|1.9 KB||
2021-08-09 09:39:57|228.513µs|200|GET|/icons/facebook.svg|::1|file=icons/facebook.svg|0 B|526 B||
2021-08-09 09:39:57|244.674µs|200|GET|/icons/instagram.svg|::1|file=icons/instagram.svg|0 B|1.4 KB||
2021-08-09 09:39:57|125.034µs|200|GET|/icons/youtube.svg|::1|file=icons/youtube.svg|0 B|887 B||
2021-08-09 09:39:57|191.927µs|200|GET|/js/index.js|::1|file=js/index.js|0 B|985 B||
2021-08-09 09:39:57|200.632µs|200|GET|/icons/clock.svg|::1|file=icons/clock.svg|0 B|4.3 KB||
2021-08-09 09:39:57|177.616µs|200|GET|/icons/tel.svg|::1|file=icons/tel.svg|0 B|1.6 KB||
2021-08-09 09:39:57|172.219µs|200|GET|/icons/boy-services-support.svg|::1|file=icons/boy-services-support.svg|0 B|2.6 KB||
2021-08-09 09:40:00|361.869µs|200|GET|/icons/favicon.ico|::1|file=icons/favicon.ico|0 B|4.2 KB||
2021-08-09 09:40:07|478.613µs|200|GET|/robots.txt|::1|file=robots.txt|0 B|25 B||
2021-08-09 09:40:19|2.069849ms|200|GET|/|::1|0 B|26.6 KB||
2021-08-09 09:40:22|316.926µs|200|GET|/images/slide/renovation-small.webp|::1|file=images/slide/renovation-small.webp|0 B|19.8 KB||
2021-08-09 09:40:22|150.947µs|200|GET|/icons/man-person.svg|::1|file=icons/man-person.svg|0 B|2.6 KB||
2021-08-09 09:40:22|282.539µs|200|GET|/images/slide/city-small.webp|::1|file=images/slide/city-small.webp|0 B|12.3 KB||
2021-08-09 09:40:23|444.868µs|200|GET|/icons/favicon.ico|::1|file=icons/favicon.ico|0 B|4.2 KB||
